<?xml version="1.0" encoding="UTF-8"?>
<!-- Generated by org.testng.reporters.JUnitReportReporter -->
<testsuite hostname="esolis-2.local" failures="0" tests="2" name="test.VoicePadTest" time="53.235" errors="0" timestamp="19 Jul 2018 19:51:57 GMT" skipped="0">
  <testcase classname="test.VoicePadTest" name="voicePadToLionDesk" time="28.586"/>
  <testcase classname="test.VoicePadTest" name="voicePadToSierraInteractive" time="24.649"/>
</testsuite> <!-- test.VoicePadTest -->
