<?xml version="1.0" encoding="UTF-8"?>
<!-- Generated by org.testng.reporters.JUnitReportReporter -->
<testsuite hostname="esolis-2.local" failures="0" tests="2" name="test.VoicePadTest" time="55.115" errors="0" timestamp="19 Jul 2018 17:37:24 GMT" skipped="0">
  <testcase classname="test.VoicePadTest" name="voicePadToSierraInteractive" time="26.588"/>
  <testcase classname="test.VoicePadTest" name="voicePadToLionDesk" time="28.527"/>
</testsuite> <!-- test.VoicePadTest -->
