<?xml version="1.0" encoding="UTF-8"?>
<!-- Generated by org.testng.reporters.JUnitReportReporter -->
<testsuite hostname="esolis-2.local" failures="0" tests="2" name="test.VoicePadTest" time="50.053" errors="0" timestamp="19 Jul 2018 16:57:48 GMT" skipped="0">
  <testcase classname="test.VoicePadTest" name="voicePadToLionDesk" time="26.370"/>
  <testcase classname="test.VoicePadTest" name="voicePadToSierraInteractive" time="23.683"/>
</testsuite> <!-- test.VoicePadTest -->
