<?xml version="1.0" encoding="UTF-8"?>
<!-- Generated by org.testng.reporters.JUnitReportReporter -->
<testsuite hostname="esolis-2.local" failures="0" tests="1" name="test.VoicePadTest" time="28.157" errors="0" timestamp="27 Jul 2018 21:16:36 GMT" skipped="0">
  <testcase classname="test.VoicePadTest" name="voicePadToLionDesk" time="28.157"/>
</testsuite> <!-- test.VoicePadTest -->
