<?xml version="1.0" encoding="UTF-8"?>
<!-- Generated by org.testng.reporters.JUnitReportReporter -->
<testsuite hostname="esolis-2.local" failures="0" tests="2" name="test.VoicePadTest" time="54.938" errors="0" timestamp="19 Jul 2018 16:36:06 GMT" skipped="0">
  <testcase classname="test.VoicePadTest" name="voicePadToLionDesk" time="29.954"/>
  <testcase classname="test.VoicePadTest" name="voicePadToSierraInteractive" time="24.984"/>
</testsuite> <!-- test.VoicePadTest -->
