<?xml version="1.0" encoding="UTF-8"?>
<!-- Generated by org.testng.reporters.JUnitReportReporter -->
<testsuite hostname="esolis-2.local" failures="0" tests="1" name="test.RealGeeksTest" time="11.639" errors="0" timestamp="19 Jul 2018 17:37:24 GMT" skipped="0">
  <testcase classname="test.RealGeeksTest" name="realGeeksToSierraInteractive" time="11.639"/>
</testsuite> <!-- test.RealGeeksTest -->
